<?xml version="1.0" encoding="UTF-8"?>
<testng-results ignored="0" total="1" passed="0" failed="1" skipped="0">
  <reporter-output>
  </reporter-output>
  <suite started-at="2020-06-15T11:51:02 IST" name="Default suite" finished-at="2020-06-15T11:51:40 IST" duration-ms="37829">
    <groups>
    </groups>
    <test started-at="2020-06-15T11:51:02 IST" name="Default test" finished-at="2020-06-15T11:51:40 IST" duration-ms="37829">
      <class name="com.RDK.qa.testcases.RegistrationPageRDKTest">
        <test-method is-config="true" signature="setUp()[pri:0, instance:com.RDK.qa.testcases.RegistrationPageRDKTest@25d250c6]" started-at="2020-06-15T11:51:02 IST" name="setUp" finished-at="2020-06-15T11:51:22 IST" duration-ms="19808" status="PASS">
          <reporter-output>
          </reporter-output>
        </test-method> <!-- setUp -->
        <test-method signature="validateRegistrationUser(java.lang.String, java.lang.String, java.lang.String, java.lang.String, java.lang.String, java.lang.String, java.lang.String, java.lang.String, java.lang.String, java.lang.String, java.lang.String, java.lang.String, java.lang.String, java.lang.String, java.lang.String, java.lang.String, java.lang.String, java.lang.String, java.lang.String, java.lang.String, java.lang.String, java.lang.String, java.lang.String, java.lang.String, java.lang.String, java.lang.String, java.lang.String)[pri:1, instance:com.RDK.qa.testcases.RegistrationPageRDKTest@25d250c6]" started-at="2020-06-15T11:51:26 IST" name="validateRegistrationUser" data-provider="getRegistrationData" finished-at="2020-06-15T11:51:40 IST" duration-ms="14221" status="FAIL">
          <params>
            <param index="0">
              <value>
                <![CDATA[Daughter]]>
              </value>
            </param>
            <param index="1">
              <value>
                <![CDATA[Female]]>
              </value>
            </param>
            <param index="2">
              <value>
                <![CDATA[Vamsi]]>
              </value>
            </param>
            <param index="3">
              <value>
                <![CDATA[1111111140]]>
              </value>
            </param>
            <param index="4">
              <value>
                <![CDATA[1212]]>
              </value>
            </param>
            <param index="5">
              <value>
                <![CDATA[1920]]>
              </value>
            </param>
            <param index="6">
              <value>
                <![CDATA[231456917]]>
              </value>
            </param>
            <param index="7">
              <value>
                <![CDATA[test1@1004.com]]>
              </value>
            </param>
            <param index="8">
              <value>
                <![CDATA[test123]]>
              </value>
            </param>
            <param index="9">
              <value>
                <![CDATA[Christian]]>
              </value>
            </param>
            <param index="10">
              <value>
                <![CDATA[Bengali]]>
              </value>
            </param>
            <param index="11">
              <value>
                <![CDATA[Non-manglik]]>
              </value>
            </param>
            <param index="12">
              <value>
                <![CDATA[Never Married]]>
              </value>
            </param>
            <param index="13">
              <value>
                <![CDATA[5' 11]]>
              </value>
            </param>
            <param index="14">
              <value>
                <![CDATA[Middle class]]>
              </value>
            </param>
            <param index="15">
              <value>
                <![CDATA[Joint]]>
              </value>
            </param>
            <param index="16">
              <value>
                <![CDATA[Liberal]]>
              </value>
            </param>
            <param index="17">
              <value>
                <![CDATA[No]]>
              </value>
            </param>
            <param index="18">
              <value>
                <![CDATA[MCA]]>
              </value>
            </param>
            <param index="19">
              <value>
                <![CDATA[Private]]>
              </value>
            </param>
            <param index="20">
              <value>
                <![CDATA[Quality Assurance Engineer]]>
              </value>
            </param>
            <param index="21">
              <value>
                <![CDATA[Rs.]]>
              </value>
            </param>
            <param index="22">
              <value>
                <![CDATA[600000]]>
              </value>
            </param>
            <param index="23">
              <value>
                <![CDATA[India]]>
              </value>
            </param>
            <param index="24">
              <value>
                <![CDATA[Maharashtra]]>
              </value>
            </param>
            <param index="25">
              <value>
                <![CDATA[Mumbai]]>
              </value>
            </param>
            <param index="26">
              <value>
                <![CDATA[Hi This is About you section!Cheers]]>
              </value>
            </param>
          </params>
          <exception class="org.openqa.selenium.NoSuchWindowException">
            <message>
              <![CDATA[no such window: target window already closed
from unknown error: web view not found
  (Session info: chrome=83.0.4103.97)
Build info: version: '3.141.59', revision: 'e82be7d358', time: '2018-11-14T08:17:03'
System info: host: 'DESKTOP-1QASA0A', ip: '192.168.1.129', os.name: 'Windows 10', os.arch: 'amd64', os.version: '10.0', java.version: '14.0.1'
Driver info: org.openqa.selenium.chrome.ChromeDriver
Capabilities {acceptInsecureCerts: false, browserName: chrome, browserVersion: 83.0.4103.97, chrome: {chromedriverVersion: 83.0.4103.39 (ccbf011cb2d2b..., userDataDir: C:\Users\Ravindra\AppData\L...}, goog:chromeOptions: {debuggerAddress: localhost:51560}, javascriptEnabled: true, networkConnectionEnabled: false, pageLoadStrategy: normal, platform: WINDOWS, platformName: WINDOWS, proxy: Proxy(), setWindowRect: true, strictFileInteractability: false, timeouts: {implicit: 0, pageLoad: 300000, script: 30000}, unhandledPromptBehavior: dismiss and notify, webauthn:virtualAuthenticators: true}
Session ID: 73858b9c6613738b2f6a963855af5fcc
*** Element info: {Using=xpath, value=(//input[@type = 'date'])[1]}]]>
            </message>
            <full-stacktrace>
              <![CDATA[org.openqa.selenium.NoSuchWindowException: no such window: target window already closed
from unknown error: web view not found
  (Session info: chrome=83.0.4103.97)
Build info: version: '3.141.59', revision: 'e82be7d358', time: '2018-11-14T08:17:03'
System info: host: 'DESKTOP-1QASA0A', ip: '192.168.1.129', os.name: 'Windows 10', os.arch: 'amd64', os.version: '10.0', java.version: '14.0.1'
Driver info: org.openqa.selenium.chrome.ChromeDriver
Capabilities {acceptInsecureCerts: false, browserName: chrome, browserVersion: 83.0.4103.97, chrome: {chromedriverVersion: 83.0.4103.39 (ccbf011cb2d2b..., userDataDir: C:\Users\Ravindra\AppData\L...}, goog:chromeOptions: {debuggerAddress: localhost:51560}, javascriptEnabled: true, networkConnectionEnabled: false, pageLoadStrategy: normal, platform: WINDOWS, platformName: WINDOWS, proxy: Proxy(), setWindowRect: true, strictFileInteractability: false, timeouts: {implicit: 0, pageLoad: 300000, script: 30000}, unhandledPromptBehavior: dismiss and notify, webauthn:virtualAuthenticators: true}
Session ID: 73858b9c6613738b2f6a963855af5fcc
*** Element info: {Using=xpath, value=(//input[@type = 'date'])[1]}
at java.base/jdk.internal.reflect.NativeConstructorAccessorImpl.newInstance0(Native Method)
at java.base/jdk.internal.reflect.NativeConstructorAccessorImpl.newInstance(NativeConstructorAccessorImpl.java:62)
at java.base/jdk.internal.reflect.DelegatingConstructorAccessorImpl.newInstance(DelegatingConstructorAccessorImpl.java:45)
at java.base/java.lang.reflect.Constructor.newInstanceWithCaller(Constructor.java:500)
at java.base/java.lang.reflect.Constructor.newInstance(Constructor.java:481)
at org.openqa.selenium.remote.http.W3CHttpResponseCodec.createException(W3CHttpResponseCodec.java:187)
at org.openqa.selenium.remote.http.W3CHttpResponseCodec.decode(W3CHttpResponseCodec.java:122)
at org.openqa.selenium.remote.http.W3CHttpResponseCodec.decode(W3CHttpResponseCodec.java:49)
at org.openqa.selenium.remote.HttpCommandExecutor.execute(HttpCommandExecutor.java:158)
at org.openqa.selenium.remote.service.DriverCommandExecutor.execute(DriverCommandExecutor.java:83)
at org.openqa.selenium.remote.RemoteWebDriver.execute(RemoteWebDriver.java:552)
at org.openqa.selenium.remote.RemoteWebDriver.findElement(RemoteWebDriver.java:323)
at org.openqa.selenium.remote.RemoteWebDriver.findElementByXPath(RemoteWebDriver.java:428)
at org.openqa.selenium.By$ByXPath.findElement(By.java:353)
at org.openqa.selenium.remote.RemoteWebDriver.findElement(RemoteWebDriver.java:315)
at org.openqa.selenium.support.pagefactory.DefaultElementLocator.findElement(DefaultElementLocator.java:69)
at org.openqa.selenium.support.pagefactory.internal.LocatingElementHandler.invoke(LocatingElementHandler.java:38)
at com.sun.proxy.$Proxy13.sendKeys(Unknown Source)
at com.RDK.qa.pages.RegistrationPageRDK.registerUser(RegistrationPageRDK.java:226)
at com.RDK.qa.testcases.RegistrationPageRDKTest.validateRegistrationUser(RegistrationPageRDKTest.java:46)
at java.base/jdk.internal.reflect.NativeMethodAccessorImpl.invoke0(Native Method)
at java.base/jdk.internal.reflect.NativeMethodAccessorImpl.invoke(NativeMethodAccessorImpl.java:62)
at java.base/jdk.internal.reflect.DelegatingMethodAccessorImpl.invoke(DelegatingMethodAccessorImpl.java:43)
at java.base/java.lang.reflect.Method.invoke(Method.java:564)
at org.testng.internal.MethodInvocationHelper.invokeMethod(MethodInvocationHelper.java:134)
at org.testng.internal.TestInvoker.invokeMethod(TestInvoker.java:597)
at org.testng.internal.TestInvoker.invokeTestMethod(TestInvoker.java:173)
at org.testng.internal.MethodRunner.runInSequence(MethodRunner.java:46)
at org.testng.internal.TestInvoker$MethodInvocationAgent.invoke(TestInvoker.java:816)
at org.testng.internal.TestInvoker.invokeTestMethods(TestInvoker.java:146)
at org.testng.internal.TestMethodWorker.invokeTestMethods(TestMethodWorker.java:146)
at org.testng.internal.TestMethodWorker.run(TestMethodWorker.java:128)
at java.base/java.util.ArrayList.forEach(ArrayList.java:1510)
at org.testng.TestRunner.privateRun(TestRunner.java:766)
at org.testng.TestRunner.run(TestRunner.java:587)
at org.testng.SuiteRunner.runTest(SuiteRunner.java:384)
at org.testng.SuiteRunner.runSequentially(SuiteRunner.java:378)
at org.testng.SuiteRunner.privateRun(SuiteRunner.java:337)
at org.testng.SuiteRunner.run(SuiteRunner.java:286)
at org.testng.SuiteRunnerWorker.runSuite(SuiteRunnerWorker.java:53)
at org.testng.SuiteRunnerWorker.run(SuiteRunnerWorker.java:96)
at org.testng.TestNG.runSuitesSequentially(TestNG.java:1187)
at org.testng.TestNG.runSuitesLocally(TestNG.java:1109)
at org.testng.TestNG.runSuites(TestNG.java:1039)
at org.testng.TestNG.run(TestNG.java:1007)
at org.testng.remote.AbstractRemoteTestNG.run(AbstractRemoteTestNG.java:115)
at org.testng.remote.RemoteTestNG.initAndRun(RemoteTestNG.java:251)
at org.testng.remote.RemoteTestNG.main(RemoteTestNG.java:77)
]]>
            </full-stacktrace>
          </exception> <!-- org.openqa.selenium.NoSuchWindowException -->
          <reporter-output>
          </reporter-output>
        </test-method> <!-- validateRegistrationUser -->
        <test-method is-config="true" signature="tearDown()[pri:0, instance:com.RDK.qa.testcases.RegistrationPageRDKTest@25d250c6]" started-at="2020-06-15T11:51:40 IST" name="tearDown" finished-at="2020-06-15T11:51:40 IST" duration-ms="2" status="PASS">
          <reporter-output>
          </reporter-output>
        </test-method> <!-- tearDown -->
      </class> <!-- com.RDK.qa.testcases.RegistrationPageRDKTest -->
    </test> <!-- Default test -->
  </suite> <!-- Default suite -->
</testng-results>
